<?xml version="1.0" encoding="UTF-8"?>
<testsuite xmlns:xsi="http://www.w3.org/2001/XMLSchema-instance" xsi:noNamespaceSchemaLocation="https://maven.apache.org/surefire/maven-surefire-plugin/xsd/surefire-test-report.xsd" version="3.0.2" name="com.rent.customer.CustomerApplicationTests" time="10.644" tests="1" errors="0" skipped="0" failures="0">
  <properties>
[...]
</properties>
  <testcase name="contextLoads" classname="com.rent.customer.CustomerApplicationTests" time="0.031">
    <system-out><![CDATA[2025-03-09T15:24:02.279696300Z main INFO Starting configuration XmlConfiguration[location=D:\microservice\leandro-sibs-challenge\sibs-exercise\target\classes\log4j2.xml, lastModified=2025-03-09T15:23:39.442Z]...
2025-03-09T15:24:02.282213500Z main INFO Start watching for changes to D:\microservice\leandro-sibs-challenge\sibs-exercise\target\classes\log4j2.xml every 0 seconds
2025-03-09T15:24:02.283367100Z main INFO Configuration XmlConfiguration[location=D:\microservice\leandro-sibs-challenge\sibs-exercise\target\classes\log4j2.xml, lastModified=2025-03-09T15:23:39.442Z] started.
2025-03-09T15:24:02.291220800Z main INFO Stopping configuration org.apache.logging.log4j.core.config.DefaultConfiguration@8bffb8b...
2025-03-09T15:24:02.291728800Z main INFO Configuration org.apache.logging.log4j.core.config.DefaultConfiguration@8bffb8b stopped.
2025-03-09 15:24:02.441 [main] INFO  org.springframework.test.context.support.AnnotationConfigContextLoaderUtils - Could not detect default configuration classes for test class [com.rent.customer.CustomerApplicationTests]: CustomerApplicationTests does not declare any static, non-private, non-final, nested classes annotated with @Configuration.
2025-03-09 15:24:02.659 [main] INFO  org.springframework.boot.test.context.SpringBootTestContextBootstrapper - Found @SpringBootConfiguration com.rent.customer.CustomerApplication for test class com.rent.customer.CustomerApplicationTests

  .   ____          _            __ _ _
 /\\ / ___'_ __ _ _(_)_ __  __ _ \ \ \ \
( ( )\___ | '_ | '_| | '_ \/ _` | \ \ \ \
 \\/  ___)| |_)| | | | | || (_| |  ) ) ) )
  '  |____| .__|_| |_|_| |_\__, | / / / /
 =========|_|==============|___/=/_/_/_/

 :: Spring Boot ::                (v3.4.3)

2025-03-09 15:24:03.540 [background-preinit] INFO  org.hibernate.validator.internal.util.Version - HV000001: Hibernate Validator 8.0.2.Final
2025-03-09 15:24:03.597 [main] INFO  com.rent.customer.CustomerApplicationTests - Starting CustomerApplicationTests using Java 21.0.5 with PID 11608 (started by leand in D:\microservice\leandro-sibs-challenge\sibs-exercise)
2025-03-09 15:24:03.601 [main] DEBUG com.rent.customer.CustomerApplicationTests - Running with Spring Boot v3.4.3, Spring v6.2.3
2025-03-09 15:24:03.603 [main] INFO  com.rent.customer.CustomerApplicationTests - No active profile set, falling back to 1 default profile: "default"
2025-03-09 15:24:05.262 [main] INFO  org.springframework.data.repository.config.RepositoryConfigurationDelegate - Bootstrapping Spring Data JPA repositories in DEFAULT mode.
2025-03-09 15:24:05.418 [main] INFO  org.springframework.data.repository.config.RepositoryConfigurationDelegate - Finished Spring Data repository scanning in 120 ms. Found 1 JPA repository interface.
2025-03-09 15:24:06.514 [main] INFO  org.hibernate.jpa.internal.util.LogHelper - HHH000204: Processing PersistenceUnitInfo [name: default]
2025-03-09 15:24:06.751 [main] INFO  org.hibernate.Version - HHH000412: Hibernate ORM core version 6.6.8.Final
2025-03-09 15:24:06.858 [main] INFO  org.hibernate.cache.internal.RegionFactoryInitiator - HHH000026: Second-level cache disabled
2025-03-09 15:24:07.184 [main] INFO  org.springframework.orm.jpa.persistenceunit.SpringPersistenceUnitInfo - No LoadTimeWeaver setup: ignoring JPA class transformer
2025-03-09 15:24:07.610 [main] INFO  org.hibernate.orm.connections.pooling - HHH10001005: Database info:
	Database JDBC URL [Connecting through datasource 'HikariDataSource (HikariPool-1)']
	Database driver: undefined/unknown
	Database version: 17.4
	Autocommit mode: undefined/unknown
	Isolation level: undefined/unknown
	Minimum pool size: undefined/unknown
	Maximum pool size: undefined/unknown
2025-03-09 15:24:09.314 [main] INFO  org.hibernate.engine.transaction.jta.platform.internal.JtaPlatformInitiator - HHH000489: No JTA platform available (set 'hibernate.transaction.jta.platform' to enable JTA platform integration)
2025-03-09 15:24:09.376 [main] INFO  org.springframework.orm.jpa.LocalContainerEntityManagerFactoryBean - Initialized JPA EntityManagerFactory for persistence unit 'default'
2025-03-09 15:24:10.648 [main] WARN  org.springframework.boot.autoconfigure.orm.jpa.JpaBaseConfiguration$JpaWebConfiguration - spring.jpa.open-in-view is enabled by default. Therefore, database queries may be performed during view rendering. Explicitly configure spring.jpa.open-in-view to disable this warning
2025-03-09 15:24:11.723 [main] INFO  com.rent.customer.CustomerApplicationTests - Started CustomerApplicationTests in 8.781 seconds (process running for 14.339)
]]></system-out>
  </testcase>
</testsuite>